#
# There is insufficient memory for the Java Runtime Environment to continue.
# Native memory allocation (mmap) failed to map 534773760 bytes for Failed to commit area from 0x0000000603200000 to 0x0000000623000000 of length 534773760.
# Possible reasons:
#   The system is out of physical RAM or swap space
#   The process is running with CompressedOops enabled, and the Java Heap may be blocking the growth of the native heap
# Possible solutions:
#   Reduce memory load on the system
#   Increase physical memory or swap space
#   Check if swap backing store is full
#   Decrease Java heap size (-Xmx/-Xms)
#   Decrease number of Java threads
#   Decrease Java thread stack sizes (-Xss)
#   Set larger code cache with -XX:ReservedCodeCacheSize=
# This output file may be truncated or incomplete.
#
#  Out of Memory Error (./src/hotspot/os/windows/os_windows.cpp:3619), pid=47376, tid=14868
#
# JRE version:  (11.0.13) (build )
# Java VM: OpenJDK 64-Bit Server VM (11.0.13+0-b1751.21-8125866, mixed mode, sharing, tiered, compressed oops, g1 gc, windows-amd64)
# No core dump will be written. Minidumps are not enabled by default on client versions of Windows
#

---------------  S U M M A R Y ------------

Command Line: org.jetbrains.kotlin.cli.jvm.K2JVMCompiler @C:\ToDoApp\app\build\20230212_16794476909797154895.compiler.options

Host: Intel(R) Core(TM) i9-10980HK CPU @ 2.40GHz, 16 cores, 31G,  Windows 11 , 64 bit Build 22621 (10.0.22621.1105)
Time: Sun Feb 12 23:12:42 2023 ????????? ????? ??? (????) elapsed time: 0.009181 seconds (0d 0h 0m 0s)

---------------  T H R E A D  ---------------

Current thread (0x0000029fb059c000):  JavaThread "Unknown thread" [_thread_in_vm, id=14868, stack(0x000000d46ea00000,0x000000d46eb00000)]

Stack: [0x000000d46ea00000,0x000000d46eb00000]
Native frames: (J=compiled Java code, j=interpreted, Vv=VM code, C=native code)
V  [jvm.dll+0x6100fa]
V  [jvm.dll+0x747090]
V  [jvm.dll+0x7486ad]
V  [jvm.dll+0x748d83]
V  [jvm.dll+0x24ab48]
V  [jvm.dll+0x60d164]
V  [jvm.dll+0x601e75]
V  [jvm.dll+0x308bdb]
V  [jvm.dll+0x308b4a]
V  [jvm.dll+0x308a22]
V  [jvm.dll+0x30d986]
V  [jvm.dll+0x357093]
V  [jvm.dll+0x357796]
V  [jvm.dll+0x357193]
V  [jvm.dll+0x2e3448]
V  [jvm.dll+0x2e45f7]
V  [jvm.dll+0x7242e7]
V  [jvm.dll+0x725adc]
V  [jvm.dll+0x364629]
V  [jvm.dll+0x707cee]
V  [jvm.dll+0x3d2633]
V  [jvm.dll+0x3d4a21]
C  [jli.dll+0x536b]
C  [ucrtbase.dll+0x29363]
C  [KERNEL32.DLL+0x126bd]
C  [ntdll.dll+0x5dfb8]


---------------  P R O C E S S  ---------------

Threads class SMR info:
_java_thread_list=0x0000029fae2e4ec0, length=0, elements={
}

Java Threads: ( => current thread )

Other Threads:
  0x0000029fb05b4000 GCTaskThread "GC Thread#0" [stack: 0x000000d46eb00000,0x000000d46ec00000] [id=15020]
  0x0000029fb0635000 ConcurrentGCThread "G1 Main Marker" [stack: 0x000000d46ec00000,0x000000d46ed00000] [id=21856]
  0x0000029fb0636000 ConcurrentGCThread "G1 Conc#0" [stack: 0x000000d46ed00000,0x000000d46ee00000] [id=49192]

[error occurred during error reporting (printing all threads), id 0xc0000005, EXCEPTION_ACCESS_VIOLATION (0xc0000005) at pc=0x00007ffb00463dd7]

VM state:not at safepoint (not fully initialized)

VM Mutex/Monitor currently owned by a thread:  ([mutex/lock_event])
[0x0000029fb05977c0] Heap_lock - owner thread: 0x0000029fb059c000

Heap address: 0x0000000603200000, size: 8142 MB, Compressed Oops mode: Non-zero based: 0x0000000603200000
Narrow klass base: 0x0000000000000000, Narrow klass shift: 0

GC Heap History (0 events):
No events

Deoptimization events (0 events):
No events

Classes redefined (0 events):
No events

Internal exceptions (0 events):
No events

Events (1 events):
Event: 0.006 Loaded shared library C:\Program Files\Android\Android Studio\jre\bin\zip.dll


Dynamic libraries:
0x00007ff6c2a70000 - 0x00007ff6c2a7a000 	C:\Program Files\Android\Android Studio\jre\bin\java.exe
0x00007ffbc8950000 - 0x00007ffbc8b64000 	C:\WINDOWS\SYSTEM32\ntdll.dll
0x00007ffbc6b80000 - 0x00007ffbc6c43000 	C:\WINDOWS\System32\KERNEL32.DLL
0x00007ffbc5f10000 - 0x00007ffbc62ad000 	C:\WINDOWS\System32\KERNELBASE.dll
0x00007ffbc6620000 - 0x00007ffbc6731000 	C:\WINDOWS\System32\ucrtbase.dll
0x00007ffbc1000000 - 0x00007ffbc1017000 	C:\Program Files\Android\Android Studio\jre\bin\VCRUNTIME140.dll
0x00007ffbc0f90000 - 0x00007ffbc0fa9000 	C:\Program Files\Android\Android Studio\jre\bin\jli.dll
0x00007ffbc77c0000 - 0x00007ffbc796d000 	C:\WINDOWS\System32\USER32.dll
0x00007ffbc64c0000 - 0x00007ffbc64e6000 	C:\WINDOWS\System32\win32u.dll
0x00007ffbc6f90000 - 0x00007ffbc6fb9000 	C:\WINDOWS\System32\GDI32.dll
0x00007ffbb4040000 - 0x00007ffbb42ce000 	C:\WINDOWS\WinSxS\amd64_microsoft.windows.common-controls_6595b64144ccf1df_6.0.22621.608_none_a9444ca7c10bb01d\COMCTL32.dll
0x00007ffbc5df0000 - 0x00007ffbc5f02000 	C:\WINDOWS\System32\gdi32full.dll
0x00007ffbc6d60000 - 0x00007ffbc6e07000 	C:\WINDOWS\System32\msvcrt.dll
0x00007ffbc6420000 - 0x00007ffbc64ba000 	C:\WINDOWS\System32\msvcp_win.dll
0x00007ffbc6f50000 - 0x00007ffbc6f82000 	C:\WINDOWS\System32\IMM32.DLL
0x00007ffbaa0c0000 - 0x00007ffbaa15d000 	C:\Program Files\Android\Android Studio\jre\bin\msvcp140.dll
0x00007ffb00170000 - 0x00007ffb00c72000 	C:\Program Files\Android\Android Studio\jre\bin\server\jvm.dll
0x00007ffbc6840000 - 0x00007ffbc68ee000 	C:\WINDOWS\System32\ADVAPI32.dll
0x00007ffbc6ea0000 - 0x00007ffbc6f44000 	C:\WINDOWS\System32\sechost.dll
0x00007ffbc6990000 - 0x00007ffbc6aa5000 	C:\WINDOWS\System32\RPCRT4.dll
0x00007ffbc7f20000 - 0x00007ffbc7f28000 	C:\WINDOWS\System32\PSAPI.DLL
0x00007ffbaa210000 - 0x00007ffbaa219000 	C:\WINDOWS\SYSTEM32\WSOCK32.dll
0x00007ffbbe480000 - 0x00007ffbbe4b4000 	C:\WINDOWS\SYSTEM32\WINMM.dll
0x00007ffbc7f30000 - 0x00007ffbc7fa1000 	C:\WINDOWS\System32\WS2_32.dll
0x00007ffbbe7b0000 - 0x00007ffbbe7ba000 	C:\WINDOWS\SYSTEM32\VERSION.dll
0x00007ffbc4eb0000 - 0x00007ffbc4ec8000 	C:\WINDOWS\SYSTEM32\kernel.appcore.dll
0x00007ffba6270000 - 0x00007ffba6281000 	C:\Program Files\Android\Android Studio\jre\bin\verify.dll
0x00007ffbc3850000 - 0x00007ffbc3a7e000 	C:\WINDOWS\SYSTEM32\DBGHELP.DLL
0x00007ffbc7b90000 - 0x00007ffbc7f1a000 	C:\WINDOWS\System32\combase.dll
0x00007ffbc8830000 - 0x00007ffbc8907000 	C:\WINDOWS\System32\OLEAUT32.dll
0x00007ffba9f70000 - 0x00007ffba9fa2000 	C:\WINDOWS\SYSTEM32\dbgcore.DLL
0x00007ffbc5d70000 - 0x00007ffbc5deb000 	C:\WINDOWS\System32\bcryptPrimitives.dll
0x00007ffb9fc30000 - 0x00007ffb9fc59000 	C:\Program Files\Android\Android Studio\jre\bin\java.dll
0x00007ffbc1060000 - 0x00007ffbc106b000 	C:\Program Files\Android\Android Studio\jre\bin\jimage.dll
0x00007ffb93a90000 - 0x00007ffb93aa8000 	C:\Program Files\Android\Android Studio\jre\bin\zip.dll

dbghelp: loaded successfully - version: 4.0.5 - missing functions: none
symbol engine: initialized successfully - sym options: 0x614 - pdb path: .;C:\Program Files\Android\Android Studio\jre\bin;C:\WINDOWS\SYSTEM32;C:\WINDOWS\WinSxS\amd64_microsoft.windows.common-controls_6595b64144ccf1df_6.0.22621.608_none_a9444ca7c10bb01d;C:\Program Files\Android\Android Studio\jre\bin\server

VM Arguments:
java_command: org.jetbrains.kotlin.cli.jvm.K2JVMCompiler @C:\ToDoApp\app\build\20230212_16794476909797154895.compiler.options
java_class_path (initial): C:\Users\boris\.gradle\caches\modules-2\files-2.1\org.jetbrains.kotlin\kotlin-compiler-embeddable\1.6.0\aa8da3bedc53c89219b84a0b40c7419431a13e76\kotlin-compiler-embeddable-1.6.0.jar;C:\Users\boris\.gradle\caches\modules-2\files-2.1\org.jetbrains.kotlin\kotlin-reflect\1.6.0\a215a7f914d5916dc5fd2d45cea16524e0220203\kotlin-reflect-1.6.0.jar;C:\Users\boris\.gradle\caches\modules-2\files-2.1\org.jetbrains.kotlin\kotlin-stdlib\1.6.0\a40b8b22529b733892edf4b73468ce598bb17f04\kotlin-stdlib-1.6.0.jar;C:\Users\boris\.gradle\caches\modules-2\files-2.1\org.jetbrains.kotlin\kotlin-script-runtime\1.6.0\55f72526ddcff6fc77d72cdf949c7e3d9bd95620\kotlin-script-runtime-1.6.0.jar;C:\Users\boris\.gradle\caches\modules-2\files-2.1\org.jetbrains.kotlin\kotlin-daemon-embeddable\1.6.0\d6242b37f4ce6b637d10847c7558446272ec8432\kotlin-daemon-embeddable-1.6.0.jar;C:\Users\boris\.gradle\caches\modules-2\files-2.1\org.jetbrains.intellij.deps\trove4j\1.0.20181211\216c2e14b070f334479d800987affe4054cd563f\trove4j-1.0.20181211.jar;C:\Users\boris\.gradle\caches\modules-2\files-2.1\net.java.dev.jna\jna\5.6.0\330f2244e9030119ab3030fc3fededc86713d9cc\jna-5.6.0.jar;C:\Users\boris\.gradle\caches\modules-2\files-2.1\org.jetbrains\annotations\13.0\919f0dfe192fb4e063e7dacadee7f8bb9a2672a9\annotations-13.0.jar;C:\Users\boris\.gradle\caches\modules-2\files-2.1\org.jetbrains.kotlin\kotlin-stdlib-common\1.6.0\7857e365f925cfa060f941c1357cda1f8790502c\kotlin-stdlib-common-1.6.0.jar
Launcher Type: SUN_STANDARD

[Global flags]
     intx CICompilerCount                          = 12                                        {product} {ergonomic}
     uint ConcGCThreads                            = 3                                         {product} {ergonomic}
     uint G1ConcRefinementThreads                  = 13                                        {product} {ergonomic}
   size_t G1HeapRegionSize                         = 2097152                                   {product} {ergonomic}
    uintx GCDrainStackTargetSize                   = 64                                        {product} {ergonomic}
   size_t InitialHeapSize                          = 534773760                                 {product} {ergonomic}
   size_t MarkStackSize                            = 4194304                                   {product} {ergonomic}
   size_t MaxHeapSize                              = 8537505792                                {product} {ergonomic}
   size_t MinHeapDeltaBytes                        = 2097152                                   {product} {ergonomic}
    uintx NonNMethodCodeHeapSize                   = 7594288                                {pd product} {ergonomic}
    uintx NonProfiledCodeHeapSize                  = 122031976                              {pd product} {ergonomic}
    uintx ProfiledCodeHeapSize                     = 122031976                              {pd product} {ergonomic}
    uintx ReservedCodeCacheSize                    = 251658240                              {pd product} {ergonomic}
     bool SegmentedCodeCache                       = true                                      {product} {ergonomic}
     bool UseCompressedClassPointers               = true                                 {lp64_product} {ergonomic}
     bool UseCompressedOops                        = true                                 {lp64_product} {ergonomic}
     bool UseG1GC                                  = true                                      {product} {ergonomic}
     bool UseLargePagesIndividualAllocation        = false                                  {pd product} {ergonomic}

Logging:
Log output configuration:
 #0: stdout all=warning uptime,level,tags
 #1: stderr all=off uptime,level,tags

Environment Variables:
PATH=C:\Windows\system32;C:\Windows;C:\Windows\System32\Wbem;C:\Windows\System32\WindowsPowerShell\v1.0\;C:\Windows\System32\OpenSSH\;C:\Program Files (x86)\NVIDIA Corporation\PhysX\Common;C:\Program Files\NVIDIA Corporation\NVIDIA NvDLISR;C:\Program Files\Git\cmd;C:\WINDOWS\system32;C:\WINDOWS;C:\WINDOWS\System32\Wbem;C:\WINDOWS\System32\WindowsPowerShell\v1.0\;C:\WINDOWS\System32\OpenSSH\;C:\Users\boris\AppData\Local\Microsoft\WindowsApps;
USERNAME=boris
OS=Windows_NT
PROCESSOR_IDENTIFIER=Intel64 Family 6 Model 165 Stepping 2, GenuineIntel



---------------  S Y S T E M  ---------------

OS: Windows 11 , 64 bit Build 22621 (10.0.22621.1105)
OS uptime: 7 days 7:49 hours

CPU:total 16 (initial active 16) (8 cores per cpu, 2 threads per core) family 6 model 165 stepping 2 microcode 0xe0, cmov, cx8, fxsr, mmx, sse, sse2, sse3, ssse3, sse4.1, sse4.2, popcnt, avx, avx2, aes, clmul, erms, 3dnowpref, lzcnt, ht, tsc, tscinvbit, bmi1, bmi2, adx, fma

Memory: 4k page, system-wide physical 32567M (3283M free)
TotalPageFile size 130871M (AvailPageFile size 201M)
current process WorkingSet (physical memory assigned to process): 11M, peak: 11M
current process commit charge ("private bytes"): 71M, peak: 581M

vm_info: OpenJDK 64-Bit Server VM (11.0.13+0-b1751.21-8125866) for windows-amd64 JRE (11.0.13+0-b1751.21-8125866), built on Feb  2 2022 03:00:22 by "builder" with MS VC++ 14.0 (VS2015)

END.
